\BOOKMARK [0][-]{chapter.1}{\376\377\173\054\0001\172\340\000\040\000\040\156\070\142\017\116\113\116\120}{}% 1
\BOOKMARK [0][-]{chapter.2}{\376\377\173\054\0002\172\340\000\040\000\040\145\160\133\146\116\113\233\105}{}% 2
\BOOKMARK [1][-]{section.2.1}{\376\377\0002\000.\0001\000\040\154\102\116\214\217\333\122\066\145\160\116\055\0001\166\204\116\052\145\160}{chapter.2}% 3
\BOOKMARK [1][-]{section.2.2}{\376\377\0002\000.\0002\000\040\116\015\211\201\210\253\226\066\116\130\124\023\120\022}{chapter.2}% 4
\BOOKMARK [1][-]{section.2.3}{\376\377\0002\000.\0003\000\040\133\373\142\176\123\321\136\026\040\034\154\064\163\213\040\035}{chapter.2}% 5
\BOOKMARK [1][-]{section.2.4}{\376\377\0002\000.\0004\000\040\0001\166\204\145\160\166\356}{chapter.2}% 6
\BOOKMARK [1][-]{section.2.5}{\376\377\0002\000.\0005\000\040\133\373\142\176\147\000\131\047\166\204\000K\116\052\145\160}{chapter.2}% 7
\BOOKMARK [1][-]{section.2.6}{\376\377\0002\000.\0006\000\040\174\276\170\156\210\150\217\276\155\156\160\271\145\160}{chapter.2}% 8
\BOOKMARK [1][-]{section.2.7}{\376\377\0002\000.\0007\000\040\147\000\131\047\121\154\176\246\145\160\225\356\230\230}{chapter.2}% 9
\BOOKMARK [1][-]{section.2.8}{\376\377\0002\000.\0008\000\040\142\176\173\046\124\010\147\141\116\366\166\204\145\164\145\160}{chapter.2}% 10
\BOOKMARK [1][-]{section.2.9}{\376\377\0002\000.\0009\000\040\145\220\154\342\176\263\131\121\145\160\122\027}{chapter.2}% 11
\BOOKMARK [1][-]{section.2.10}{\376\377\0002\000.\0001\0000\000\040\133\373\142\176\145\160\176\304\116\055\166\204\147\000\131\047\120\074\124\214\147\000\134\017\120\074}{chapter.2}% 12
\BOOKMARK [1][-]{section.2.11}{\376\377\0002\000.\0001\0001\000\040\133\373\142\176\147\000\217\321\160\271\133\371}{chapter.2}% 13
\BOOKMARK [1][-]{section.2.12}{\376\377\0002\000.\0001\0002\000\040\137\353\220\037\133\373\142\176\156\341\215\263\147\141\116\366\166\204\116\044\116\052\145\160}{chapter.2}% 14
\BOOKMARK [1][-]{section.2.13}{\376\377\0002\000.\0001\0003\000\040\133\120\145\160\176\304\166\204\147\000\131\047\116\130\171\357}{chapter.2}% 15
\BOOKMARK [1][-]{section.2.14}{\376\377\0002\000.\0001\0004\000\040\154\102\145\160\176\304\166\204\133\120\145\160\176\304\116\113\124\214\166\204\147\000\131\047\120\074}{chapter.2}% 16
\BOOKMARK [1][-]{section.2.15}{\376\377\0002\000.\0001\0005\000\040\133\120\145\160\176\304\116\113\124\214\166\204\147\000\131\047\120\074\377\010\116\214\176\364\377\011}{chapter.2}% 17
\BOOKMARK [1][-]{section.2.16}{\376\377\0002\000.\0001\0006\000\040\154\102\145\160\176\304\116\055\147\000\225\177\220\022\130\236\133\120\136\217\122\027}{chapter.2}% 18
\BOOKMARK [1][-]{section.2.17}{\376\377\0002\000.\0001\0007\000\040\145\160\176\304\137\252\163\257\171\373\117\115}{chapter.2}% 19
\BOOKMARK [1][-]{section.2.18}{\376\377\0002\000.\0001\0008\000\040\145\160\176\304\122\006\122\162}{chapter.2}% 20
\BOOKMARK [1][-]{section.2.19}{\376\377\0002\000.\0001\0009\000\040\123\072\225\364\221\315\124\010\122\044\145\255}{chapter.2}% 21
\BOOKMARK [1][-]{section.2.20}{\376\377\0002\000.\0002\0000\000\040\172\013\136\217\164\006\211\343\124\214\145\366\225\364\122\006\147\220}{chapter.2}% 22
\BOOKMARK [1][-]{section.2.21}{\376\377\0002\000.\0002\0001\000\040\123\352\200\003\122\240\154\325\166\204\227\142\213\325\230\230}{chapter.2}% 23
\BOOKMARK [0][-]{chapter.3}{\376\377\173\054\0003\172\340\000\040\000\040\176\323\147\204\116\113\154\325}{}% 24
\BOOKMARK [1][-]{section.3.1}{\376\377\0003\000.\0001\000\040\133\127\173\046\116\062\171\373\117\115\123\005\124\053\166\204\225\356\230\230}{chapter.3}% 25
\BOOKMARK [1][-]{section.3.2}{\376\377\0003\000.\0002\000\040\165\065\213\335\123\367\170\001\133\371\136\224\202\361\145\207\123\125\213\315}{chapter.3}% 26
\BOOKMARK [1][-]{section.3.3}{\376\377\0003\000.\0003\000\040\213\241\173\227\133\127\173\046\116\062\166\204\166\370\117\074\136\246}{chapter.3}% 27
\BOOKMARK [1][-]{section.3.4}{\376\377\0003\000.\0004\000\040\116\316\145\340\131\064\123\125\224\376\210\150\116\055\122\040\226\144\202\202\160\271}{chapter.3}% 28
\BOOKMARK [1][-]{section.3.5}{\376\377\0003\000.\0005\000\040\177\026\172\013\122\044\145\255\116\044\116\052\224\376\210\150\146\057\124\046\166\370\116\244}{chapter.3}% 29
\BOOKMARK [1][-]{section.3.6}{\376\377\0003\000.\0006\000\040\226\037\122\027\116\055\123\326\147\000\131\047\120\074\144\315\117\134\225\356\230\230}{chapter.3}% 30
\BOOKMARK [1][-]{section.3.7}{\376\377\0003\000.\0007\000\040\154\102\116\214\123\311\150\021\116\055\202\202\160\271\166\204\147\000\131\047\215\335\171\273}{chapter.3}% 31
\BOOKMARK [1][-]{section.3.8}{\376\377\0003\000.\0008\000\040\221\315\136\372\116\214\123\311\150\021}{chapter.3}% 32
\BOOKMARK [1][-]{section.3.9}{\376\377\0003\000.\0009\000\040\122\006\134\102\220\115\123\206\116\214\123\311\150\021}{chapter.3}% 33
\BOOKMARK [1][-]{section.3.10}{\376\377\0003\000.\0001\0000\000\040\172\013\136\217\145\071\225\031}{chapter.3}% 34
